25
b*ab*aba*abab*aba*a*a
b*aba*abab*aba*ab*a
b*ab*aba*aba*abab*a*a
b*aba*ab*aba*aba*ab*a
b*aba*aba*aba*ab*ab*a
b*aba*aba*ab*aba*ab*a
b*aba*abab*ab*aba*a*a
b*abab*ab*aba*aba*a*a
b*aba*aba*abab*ab*a
b*aba*ab*aba*ab*aba*a*a
b*abab*aba*ab*aba*a*a
b*abab*aba*aba*ab*a
b*aba*ab*abab*aba*a*a
b*abab*aba*abab*a*a
b*aba*aba*ab*abab*a*a
b*aba*ab*aba*abab*a*a
b*aba*abab*abab*a*a
b*ab*aba*aba*aba*ab*a
b*ab*abab*aba*aba*a*a
b*ab*aba*aba*ab*aba*a*a
b*ab*aba*ab*aba*aba*a*a
b*aba*aba*ab*ab*aba*a*a
b*abab*abab*aba*a*a
b*aba*ab*ab*aba*aba*a*a
b*ab*ab*aba*aba*aba*a*a
